2015-03-09 16:03:47,968 [17] Orchard.Exceptions.DefaultExceptionPolicy - Default - An unexpected exception was caught
 http://localhost:53748/
System.Reflection.TargetInvocationException: Exception has been thrown by the target of an invocation. ---> Orchard.OrchardException: Shape type Branding not found
   at Orchard.DisplayManagement.Implementation.DefaultDisplayManager.Execute(DisplayContext context) in z:\Builds\work\d1eb156ccc3cb14\src\Orchard\DisplayManagement\Implementation\DefaultDisplayManager.cs:line 97
   at Orchard.DisplayManagement.Implementation.DisplayHelper.ShapeExecute(Object shape) in z:\Builds\work\d1eb156ccc3cb14\src\Orchard\DisplayManagement\Implementation\DisplayHelper.cs:line 86
   at Orchard.DisplayManagement.Implementation.DisplayHelper.Invoke(String name, INamedEnumerable`1 parameters) in z:\Builds\work\d1eb156ccc3cb14\src\Orchard\DisplayManagement\Implementation\DisplayHelper.cs:line 43
   at Orchard.DisplayManagement.Implementation.DisplayHelper.TryInvoke(InvokeBinder binder, Object[] args, Object& result) in z:\Builds\work\d1eb156ccc3cb14\src\Orchard\DisplayManagement\Implementation\DisplayHelper.cs:line 29
   at CallSite.Target(Closure , CallSite , Object , Object )
   at Orchard.Core.Shapes.CoreShapes.Zone(Object Display, Object Shape, TextWriter Output) in z:\Builds\work\d1eb156ccc3cb14\src\Orchard.Web\Core\Shapes\CoreShapes.cs:line 267
   --- End of inner exception stack trace ---
   at System.RuntimeMethodHandle.InvokeMethod(Object target, Object[] arguments, Signature sig, Boolean constructor)
   at System.Reflection.RuntimeMethodInfo.UnsafeInvokeInternal(Object obj, Object[] parameters, Object[] arguments)
   at System.Reflection.RuntimeMethodInfo.Invoke(Object obj, BindingFlags invokeAttr, Binder binder, Object[] parameters, CultureInfo culture)
   at Orchard.DisplayManagement.Descriptors.ShapeAttributeStrategy.ShapeAttributeBindingStrategy.PerformInvoke(DisplayContext displayContext, MethodInfo methodInfo, Object serviceInstance) in z:\Builds\work\d1eb156ccc3cb14\src\Orchard\DisplayManagement\Descriptors\ShapeAttributeStrategy\ShapeAttributeBindingStrategy.cs:line 64
   at Orchard.DisplayManagement.Descriptors.ShapeAttributeStrategy.ShapeAttributeBindingStrategy.<>c__DisplayClass4.<CreateDelegate>b__3(DisplayContext context) in z:\Builds\work\d1eb156ccc3cb14\src\Orchard\DisplayManagement\Descriptors\ShapeAttributeStrategy\ShapeAttributeBindingStrategy.cs:line 55
   at Orchard.DisplayManagement.Descriptors.ShapeAlterationBuilder.<>c__DisplayClass3.<>c__DisplayClass5.<BoundAs>b__2(DisplayContext displayContext) in z:\Builds\work\d1eb156ccc3cb14\src\Orchard\DisplayManagement\Descriptors\ShapeAlterationBuilder.cs:line 56
   at Orchard.DisplayManagement.Implementation.DefaultDisplayManager.Process(ShapeBinding shapeBinding, IShape shape, DisplayContext context) in z:\Builds\work\d1eb156ccc3cb14\src\Orchard\DisplayManagement\Implementation\DefaultDisplayManager.cs:line 183
   at Orchard.DisplayManagement.Implementation.DefaultDisplayManager.Execute(DisplayContext context) in z:\Builds\work\d1eb156ccc3cb14\src\Orchard\DisplayManagement\Implementation\DefaultDisplayManager.cs:line 87
   at Orchard.DisplayManagement.Implementation.DisplayHelper.ShapeExecute(Object shape) in z:\Builds\work\d1eb156ccc3cb14\src\Orchard\DisplayManagement\Implementation\DisplayHelper.cs:line 86
   at Orchard.DisplayManagement.Implementation.DisplayHelper.Invoke(String name, INamedEnumerable`1 parameters) in z:\Builds\work\d1eb156ccc3cb14\src\Orchard\DisplayManagement\Implementation\DisplayHelper.cs:line 43
   at Orchard.DisplayManagement.Implementation.DisplayHelper.TryInvoke(InvokeBinder binder, Object[] args, Object& result) in z:\Builds\work\d1eb156ccc3cb14\src\Orchard\DisplayManagement\Implementation\DisplayHelper.cs:line 29
   at CallSite.Target(Closure , CallSite , Object , Object )
   at System.Dynamic.UpdateDelegates.UpdateAndExecute2[T0,T1,TRet](CallSite site, T0 arg0, T1 arg1)
   at ASP._Page_Themes_PattersonDental_Views_Layout_cshtml.<Execute>b__9b(Object x) in c:\Users\David\Documents\My Web Sites\Patterson-Dental-Equipment\Themes\PattersonDental\Views\Layout.cshtml:line 20
   at CallSite.Target(Closure , CallSite , Func`2 , Object )
   at System.Dynamic.UpdateDelegates.UpdateAndExecute2[T0,T1,TRet](CallSite site, T0 arg0, T1 arg1)
   at ASP._Page_Themes_PattersonDental_Views_Layout_cshtml.Execute() in c:\Users\David\Documents\My Web Sites\Patterson-Dental-Equipment\Themes\PattersonDental\Views\Layout.cshtml:line 60
   at System.Web.WebPages.WebPageBase.ExecutePageHierarchy()
   at System.Web.Mvc.WebViewPage.ExecutePageHierarchy()
   at System.Web.WebPages.WebPageBase.ExecutePageHierarchy(WebPageContext pageContext, TextWriter writer, WebPageRenderingBase startPage)
   at System.Web.Mvc.RazorView.RenderView(ViewContext viewContext, TextWriter writer, Object instance)
   at System.Web.Mvc.BuildManagerCompiledView.Render(ViewContext viewContext, TextWriter writer)
   at System.Web.Mvc.HtmlHelper.RenderPartialInternal(String partialViewName, ViewDataDictionary viewData, Object model, TextWriter writer, ViewEngineCollection viewEngineCollection)
   at System.Web.Mvc.Html.PartialExtensions.Partial(HtmlHelper htmlHelper, String partialViewName, Object model, ViewDataDictionary viewData)
   at Orchard.DisplayManagement.Descriptors.ShapeTemplateStrategy.ShapeTemplateBindingStrategy.Render(ShapeDescriptor shapeDescriptor, DisplayContext displayContext, HarvestShapeInfo harvestShapeInfo, HarvestShapeHit harvestShapeHit) in z:\Builds\work\d1eb156ccc3cb14\src\Orchard\DisplayManagement\Descriptors\ShapeTemplateStrategy\ShapeTemplateBindingStrategy.cs:line 146
   at Orchard.DisplayManagement.Descriptors.ShapeTemplateStrategy.ShapeTemplateBindingStrategy.<>c__DisplayClass26.<>c__DisplayClass28.<Discover>b__15(DisplayContext displayContext) in z:\Builds\work\d1eb156ccc3cb14\src\Orchard\DisplayManagement\Descriptors\ShapeTemplateStrategy\ShapeTemplateBindingStrategy.cs:line 133
   at Orchard.DisplayManagement.Descriptors.ShapeAlterationBuilder.<>c__DisplayClass3.<>c__DisplayClass5.<BoundAs>b__2(DisplayContext displayContext) in z:\Builds\work\d1eb156ccc3cb14\src\Orchard\DisplayManagement\Descriptors\ShapeAlterationBuilder.cs:line 56
   at Orchard.DisplayManagement.Implementation.DefaultDisplayManager.Process(ShapeBinding shapeBinding, IShape shape, DisplayContext context) in z:\Builds\work\d1eb156ccc3cb14\src\Orchard\DisplayManagement\Implementation\DefaultDisplayManager.cs:line 183
   at Orchard.DisplayManagement.Implementation.DefaultDisplayManager.Execute(DisplayContext context) in z:\Builds\work\d1eb156ccc3cb14\src\Orchard\DisplayManagement\Implementation\DefaultDisplayManager.cs:line 87
   at Orchard.DisplayManagement.Implementation.DisplayHelper.ShapeExecute(Object shape) in z:\Builds\work\d1eb156ccc3cb14\src\Orchard\DisplayManagement\Implementation\DisplayHelper.cs:line 86
   at Orchard.DisplayManagement.Implementation.DisplayHelper.Invoke(String name, INamedEnumerable`1 parameters) in z:\Builds\work\d1eb156ccc3cb14\src\Orchard\DisplayManagement\Implementation\DisplayHelper.cs:line 43
   at Orchard.DisplayManagement.Implementation.DisplayHelper.TryInvoke(InvokeBinder binder, Object[] args, Object& result) in z:\Builds\work\d1eb156ccc3cb14\src\Orchard\DisplayManagement\Implementation\DisplayHelper.cs:line 29
   at CallSite.Target(Closure , CallSite , Object , Object )
   at Orchard.Mvc.ViewEngines.ThemeAwareness.LayoutAwareViewEngine.<>c__DisplayClass7.<FindView>b__5(ViewContext viewContext, TextWriter writer, IViewDataContainer viewDataContainer) in z:\Builds\work\d1eb156ccc3cb14\src\Orchard\Mvc\ViewEngines\ThemeAwareness\LayoutAwareViewEngine.cs:line 63
   at Orchard.Mvc.ViewEngines.ThemeAwareness.LayoutAwareViewEngine.LayoutView.Render(ViewContext viewContext, TextWriter writer) in z:\Builds\work\d1eb156ccc3cb14\src\Orchard\Mvc\ViewEngines\ThemeAwareness\LayoutAwareViewEngine.cs:line 90
   at System.Web.Mvc.ViewResultBase.ExecuteResult(ControllerContext context)
   at System.Web.Mvc.ControllerActionInvoker.InvokeActionResult(ControllerContext controllerContext, ActionResult actionResult)
   at System.Web.Mvc.ControllerActionInvoker.InvokeActionResultFilterRecursive(IList`1 filters, Int32 filterIndex, ResultExecutingContext preContext, ControllerContext controllerContext, ActionResult actionResult)
   at System.Web.Mvc.ControllerActionInvoker.InvokeActionResultFilterRecursive(IList`1 filters, Int32 filterIndex, ResultExecutingContext preContext, ControllerContext controllerContext, ActionResult actionResult)
   at System.Web.Mvc.ControllerActionInvoker.InvokeActionResultFilterRecursive(IList`1 filters, Int32 filterIndex, ResultExecutingContext preContext, ControllerContext controllerContext, ActionResult actionResult)
2015-03-09 16:03:48,699 [44] Orchard.Exceptions.DefaultExceptionPolicy - Default - An unexpected exception was caught
 http://localhost:53748/favicon.ico
System.Reflection.TargetInvocationException: Exception has been thrown by the target of an invocation. ---> Orchard.OrchardException: Shape type Branding not found
   at Orchard.DisplayManagement.Implementation.DefaultDisplayManager.Execute(DisplayContext context) in z:\Builds\work\d1eb156ccc3cb14\src\Orchard\DisplayManagement\Implementation\DefaultDisplayManager.cs:line 97
   at Orchard.DisplayManagement.Implementation.DisplayHelper.ShapeExecute(Object shape) in z:\Builds\work\d1eb156ccc3cb14\src\Orchard\DisplayManagement\Implementation\DisplayHelper.cs:line 86
   at Orchard.DisplayManagement.Implementation.DisplayHelper.Invoke(String name, INamedEnumerable`1 parameters) in z:\Builds\work\d1eb156ccc3cb14\src\Orchard\DisplayManagement\Implementation\DisplayHelper.cs:line 43
   at Orchard.DisplayManagement.Implementation.DisplayHelper.TryInvoke(InvokeBinder binder, Object[] args, Object& result) in z:\Builds\work\d1eb156ccc3cb14\src\Orchard\DisplayManagement\Implementation\DisplayHelper.cs:line 29
   at CallSite.Target(Closure , CallSite , Object , Object )
   at Orchard.Core.Shapes.CoreShapes.Zone(Object Display, Object Shape, TextWriter Output) in z:\Builds\work\d1eb156ccc3cb14\src\Orchard.Web\Core\Shapes\CoreShapes.cs:line 267
   --- End of inner exception stack trace ---
   at System.RuntimeMethodHandle.InvokeMethod(Object target, Object[] arguments, Signature sig, Boolean constructor)
   at System.Reflection.RuntimeMethodInfo.UnsafeInvokeInternal(Object obj, Object[] parameters, Object[] arguments)
   at System.Reflection.RuntimeMethodInfo.Invoke(Object obj, BindingFlags invokeAttr, Binder binder, Object[] parameters, CultureInfo culture)
   at Orchard.DisplayManagement.Descriptors.ShapeAttributeStrategy.ShapeAttributeBindingStrategy.PerformInvoke(DisplayContext displayContext, MethodInfo methodInfo, Object serviceInstance) in z:\Builds\work\d1eb156ccc3cb14\src\Orchard\DisplayManagement\Descriptors\ShapeAttributeStrategy\ShapeAttributeBindingStrategy.cs:line 64
   at Orchard.DisplayManagement.Descriptors.ShapeAttributeStrategy.ShapeAttributeBindingStrategy.<>c__DisplayClass4.<CreateDelegate>b__3(DisplayContext context) in z:\Builds\work\d1eb156ccc3cb14\src\Orchard\DisplayManagement\Descriptors\ShapeAttributeStrategy\ShapeAttributeBindingStrategy.cs:line 55
   at Orchard.DisplayManagement.Descriptors.ShapeAlterationBuilder.<>c__DisplayClass3.<>c__DisplayClass5.<BoundAs>b__2(DisplayContext displayContext) in z:\Builds\work\d1eb156ccc3cb14\src\Orchard\DisplayManagement\Descriptors\ShapeAlterationBuilder.cs:line 56
   at Orchard.DisplayManagement.Implementation.DefaultDisplayManager.Process(ShapeBinding shapeBinding, IShape shape, DisplayContext context) in z:\Builds\work\d1eb156ccc3cb14\src\Orchard\DisplayManagement\Implementation\DefaultDisplayManager.cs:line 183
   at Orchard.DisplayManagement.Implementation.DefaultDisplayManager.Execute(DisplayContext context) in z:\Builds\work\d1eb156ccc3cb14\src\Orchard\DisplayManagement\Implementation\DefaultDisplayManager.cs:line 87
   at Orchard.DisplayManagement.Implementation.DisplayHelper.ShapeExecute(Object shape) in z:\Builds\work\d1eb156ccc3cb14\src\Orchard\DisplayManagement\Implementation\DisplayHelper.cs:line 86
   at Orchard.DisplayManagement.Implementation.DisplayHelper.Invoke(String name, INamedEnumerable`1 parameters) in z:\Builds\work\d1eb156ccc3cb14\src\Orchard\DisplayManagement\Implementation\DisplayHelper.cs:line 43
   at Orchard.DisplayManagement.Implementation.DisplayHelper.TryInvoke(InvokeBinder binder, Object[] args, Object& result) in z:\Builds\work\d1eb156ccc3cb14\src\Orchard\DisplayManagement\Implementation\DisplayHelper.cs:line 29
   at CallSite.Target(Closure , CallSite , Object , Object )
   at ASP._Page_Themes_PattersonDental_Views_Layout_cshtml.<Execute>b__9b(Object x) in c:\Users\David\Documents\My Web Sites\Patterson-Dental-Equipment\Themes\PattersonDental\Views\Layout.cshtml:line 20
   at CallSite.Target(Closure , CallSite , Func`2 , Object )
   at ASP._Page_Themes_PattersonDental_Views_Layout_cshtml.Execute() in c:\Users\David\Documents\My Web Sites\Patterson-Dental-Equipment\Themes\PattersonDental\Views\Layout.cshtml:line 60
   at System.Web.WebPages.WebPageBase.ExecutePageHierarchy()
   at System.Web.Mvc.WebViewPage.ExecutePageHierarchy()
   at System.Web.WebPages.WebPageBase.ExecutePageHierarchy(WebPageContext pageContext, TextWriter writer, WebPageRenderingBase startPage)
   at System.Web.Mvc.RazorView.RenderView(ViewContext viewContext, TextWriter writer, Object instance)
   at System.Web.Mvc.BuildManagerCompiledView.Render(ViewContext viewContext, TextWriter writer)
   at System.Web.Mvc.HtmlHelper.RenderPartialInternal(String partialViewName, ViewDataDictionary viewData, Object model, TextWriter writer, ViewEngineCollection viewEngineCollection)
   at System.Web.Mvc.Html.PartialExtensions.Partial(HtmlHelper htmlHelper, String partialViewName, Object model, ViewDataDictionary viewData)
   at Orchard.DisplayManagement.Descriptors.ShapeTemplateStrategy.ShapeTemplateBindingStrategy.Render(ShapeDescriptor shapeDescriptor, DisplayContext displayContext, HarvestShapeInfo harvestShapeInfo, HarvestShapeHit harvestShapeHit) in z:\Builds\work\d1eb156ccc3cb14\src\Orchard\DisplayManagement\Descriptors\ShapeTemplateStrategy\ShapeTemplateBindingStrategy.cs:line 146
   at Orchard.DisplayManagement.Descriptors.ShapeTemplateStrategy.ShapeTemplateBindingStrategy.<>c__DisplayClass26.<>c__DisplayClass28.<Discover>b__15(DisplayContext displayContext) in z:\Builds\work\d1eb156ccc3cb14\src\Orchard\DisplayManagement\Descriptors\ShapeTemplateStrategy\ShapeTemplateBindingStrategy.cs:line 133
   at Orchard.DisplayManagement.Descriptors.ShapeAlterationBuilder.<>c__DisplayClass3.<>c__DisplayClass5.<BoundAs>b__2(DisplayContext displayContext) in z:\Builds\work\d1eb156ccc3cb14\src\Orchard\DisplayManagement\Descriptors\ShapeAlterationBuilder.cs:line 56
   at Orchard.DisplayManagement.Implementation.DefaultDisplayManager.Process(ShapeBinding shapeBinding, IShape shape, DisplayContext context) in z:\Builds\work\d1eb156ccc3cb14\src\Orchard\DisplayManagement\Implementation\DefaultDisplayManager.cs:line 183
   at Orchard.DisplayManagement.Implementation.DefaultDisplayManager.Execute(DisplayContext context) in z:\Builds\work\d1eb156ccc3cb14\src\Orchard\DisplayManagement\Implementation\DefaultDisplayManager.cs:line 87
   at Orchard.DisplayManagement.Implementation.DisplayHelper.ShapeExecute(Object shape) in z:\Builds\work\d1eb156ccc3cb14\src\Orchard\DisplayManagement\Implementation\DisplayHelper.cs:line 86
   at Orchard.DisplayManagement.Implementation.DisplayHelper.Invoke(String name, INamedEnumerable`1 parameters) in z:\Builds\work\d1eb156ccc3cb14\src\Orchard\DisplayManagement\Implementation\DisplayHelper.cs:line 43
   at Orchard.DisplayManagement.Implementation.DisplayHelper.TryInvoke(InvokeBinder binder, Object[] args, Object& result) in z:\Builds\work\d1eb156ccc3cb14\src\Orchard\DisplayManagement\Implementation\DisplayHelper.cs:line 29
   at CallSite.Target(Closure , CallSite , Object , Object )
   at Orchard.Mvc.ViewEngines.ThemeAwareness.LayoutAwareViewEngine.<>c__DisplayClass7.<FindView>b__5(ViewContext viewContext, TextWriter writer, IViewDataContainer viewDataContainer) in z:\Builds\work\d1eb156ccc3cb14\src\Orchard\Mvc\ViewEngines\ThemeAwareness\LayoutAwareViewEngine.cs:line 63
   at Orchard.Mvc.ViewEngines.ThemeAwareness.LayoutAwareViewEngine.LayoutView.Render(ViewContext viewContext, TextWriter writer) in z:\Builds\work\d1eb156ccc3cb14\src\Orchard\Mvc\ViewEngines\ThemeAwareness\LayoutAwareViewEngine.cs:line 90
   at System.Web.Mvc.ViewResultBase.ExecuteResult(ControllerContext context)
   at System.Web.Mvc.ControllerActionInvoker.InvokeActionResult(ControllerContext controllerContext, ActionResult actionResult)
   at System.Web.Mvc.ControllerActionInvoker.InvokeActionResultFilterRecursive(IList`1 filters, Int32 filterIndex, ResultExecutingContext preContext, ControllerContext controllerContext, ActionResult actionResult)
   at System.Web.Mvc.ControllerActionInvoker.InvokeActionResultFilterRecursive(IList`1 filters, Int32 filterIndex, ResultExecutingContext preContext, ControllerContext controllerContext, ActionResult actionResult)
   at System.Web.Mvc.ControllerActionInvoker.InvokeActionResultFilterRecursive(IList`1 filters, Int32 filterIndex, ResultExecutingContext preContext, ControllerContext controllerContext, ActionResult actionResult)
2015-03-09 16:03:51,775 [51] Orchard.Exceptions.DefaultExceptionPolicy - Default - An unexpected exception was caught
 http://localhost:53748/
System.Reflection.TargetInvocationException: Exception has been thrown by the target of an invocation. ---> Orchard.OrchardException: Shape type Branding not found
   at Orchard.DisplayManagement.Implementation.DefaultDisplayManager.Execute(DisplayContext context) in z:\Builds\work\d1eb156ccc3cb14\src\Orchard\DisplayManagement\Implementation\DefaultDisplayManager.cs:line 97
   at Orchard.DisplayManagement.Implementation.DisplayHelper.ShapeExecute(Object shape) in z:\Builds\work\d1eb156ccc3cb14\src\Orchard\DisplayManagement\Implementation\DisplayHelper.cs:line 86
   at Orchard.DisplayManagement.Implementation.DisplayHelper.Invoke(String name, INamedEnumerable`1 parameters) in z:\Builds\work\d1eb156ccc3cb14\src\Orchard\DisplayManagement\Implementation\DisplayHelper.cs:line 43
   at Orchard.DisplayManagement.Implementation.DisplayHelper.TryInvoke(InvokeBinder binder, Object[] args, Object& result) in z:\Builds\work\d1eb156ccc3cb14\src\Orchard\DisplayManagement\Implementation\DisplayHelper.cs:line 29
   at CallSite.Target(Closure , CallSite , Object , Object )
   at Orchard.Core.Shapes.CoreShapes.Zone(Object Display, Object Shape, TextWriter Output) in z:\Builds\work\d1eb156ccc3cb14\src\Orchard.Web\Core\Shapes\CoreShapes.cs:line 267
   --- End of inner exception stack trace ---
   at System.RuntimeMethodHandle.InvokeMethod(Object target, Object[] arguments, Signature sig, Boolean constructor)
   at System.Reflection.RuntimeMethodInfo.UnsafeInvokeInternal(Object obj, Object[] parameters, Object[] arguments)
   at System.Reflection.RuntimeMethodInfo.Invoke(Object obj, BindingFlags invokeAttr, Binder binder, Object[] parameters, CultureInfo culture)
   at Orchard.DisplayManagement.Descriptors.ShapeAttributeStrategy.ShapeAttributeBindingStrategy.PerformInvoke(DisplayContext displayContext, MethodInfo methodInfo, Object serviceInstance) in z:\Builds\work\d1eb156ccc3cb14\src\Orchard\DisplayManagement\Descriptors\ShapeAttributeStrategy\ShapeAttributeBindingStrategy.cs:line 64
   at Orchard.DisplayManagement.Descriptors.ShapeAttributeStrategy.ShapeAttributeBindingStrategy.<>c__DisplayClass4.<CreateDelegate>b__3(DisplayContext context) in z:\Builds\work\d1eb156ccc3cb14\src\Orchard\DisplayManagement\Descriptors\ShapeAttributeStrategy\ShapeAttributeBindingStrategy.cs:line 55
   at Orchard.DisplayManagement.Descriptors.ShapeAlterationBuilder.<>c__DisplayClass3.<>c__DisplayClass5.<BoundAs>b__2(DisplayContext displayContext) in z:\Builds\work\d1eb156ccc3cb14\src\Orchard\DisplayManagement\Descriptors\ShapeAlterationBuilder.cs:line 56
   at Orchard.DisplayManagement.Implementation.DefaultDisplayManager.Process(ShapeBinding shapeBinding, IShape shape, DisplayContext context) in z:\Builds\work\d1eb156ccc3cb14\src\Orchard\DisplayManagement\Implementation\DefaultDisplayManager.cs:line 183
   at Orchard.DisplayManagement.Implementation.DefaultDisplayManager.Execute(DisplayContext context) in z:\Builds\work\d1eb156ccc3cb14\src\Orchard\DisplayManagement\Implementation\DefaultDisplayManager.cs:line 87
   at Orchard.DisplayManagement.Implementation.DisplayHelper.ShapeExecute(Object shape) in z:\Builds\work\d1eb156ccc3cb14\src\Orchard\DisplayManagement\Implementation\DisplayHelper.cs:line 86
   at Orchard.DisplayManagement.Implementation.DisplayHelper.Invoke(String name, INamedEnumerable`1 parameters) in z:\Builds\work\d1eb156ccc3cb14\src\Orchard\DisplayManagement\Implementation\DisplayHelper.cs:line 43
   at Orchard.DisplayManagement.Implementation.DisplayHelper.TryInvoke(InvokeBinder binder, Object[] args, Object& result) in z:\Builds\work\d1eb156ccc3cb14\src\Orchard\DisplayManagement\Implementation\DisplayHelper.cs:line 29
   at CallSite.Target(Closure , CallSite , Object , Object )
   at ASP._Page_Themes_PattersonDental_Views_Layout_cshtml.<Execute>b__9b(Object x) in c:\Users\David\Documents\My Web Sites\Patterson-Dental-Equipment\Themes\PattersonDental\Views\Layout.cshtml:line 20
   at CallSite.Target(Closure , CallSite , Func`2 , Object )
   at ASP._Page_Themes_PattersonDental_Views_Layout_cshtml.Execute() in c:\Users\David\Documents\My Web Sites\Patterson-Dental-Equipment\Themes\PattersonDental\Views\Layout.cshtml:line 60
   at System.Web.WebPages.WebPageBase.ExecutePageHierarchy()
   at System.Web.Mvc.WebViewPage.ExecutePageHierarchy()
   at System.Web.WebPages.WebPageBase.ExecutePageHierarchy(WebPageContext pageContext, TextWriter writer, WebPageRenderingBase startPage)
   at System.Web.Mvc.RazorView.RenderView(ViewContext viewContext, TextWriter writer, Object instance)
   at System.Web.Mvc.BuildManagerCompiledView.Render(ViewContext viewContext, TextWriter writer)
   at System.Web.Mvc.HtmlHelper.RenderPartialInternal(String partialViewName, ViewDataDictionary viewData, Object model, TextWriter writer, ViewEngineCollection viewEngineCollection)
   at System.Web.Mvc.Html.PartialExtensions.Partial(HtmlHelper htmlHelper, String partialViewName, Object model, ViewDataDictionary viewData)
   at Orchard.DisplayManagement.Descriptors.ShapeTemplateStrategy.ShapeTemplateBindingStrategy.Render(ShapeDescriptor shapeDescriptor, DisplayContext displayContext, HarvestShapeInfo harvestShapeInfo, HarvestShapeHit harvestShapeHit) in z:\Builds\work\d1eb156ccc3cb14\src\Orchard\DisplayManagement\Descriptors\ShapeTemplateStrategy\ShapeTemplateBindingStrategy.cs:line 146
   at Orchard.DisplayManagement.Descriptors.ShapeTemplateStrategy.ShapeTemplateBindingStrategy.<>c__DisplayClass26.<>c__DisplayClass28.<Discover>b__15(DisplayContext displayContext) in z:\Builds\work\d1eb156ccc3cb14\src\Orchard\DisplayManagement\Descriptors\ShapeTemplateStrategy\ShapeTemplateBindingStrategy.cs:line 133
   at Orchard.DisplayManagement.Descriptors.ShapeAlterationBuilder.<>c__DisplayClass3.<>c__DisplayClass5.<BoundAs>b__2(DisplayContext displayContext) in z:\Builds\work\d1eb156ccc3cb14\src\Orchard\DisplayManagement\Descriptors\ShapeAlterationBuilder.cs:line 56
   at Orchard.DisplayManagement.Implementation.DefaultDisplayManager.Process(ShapeBinding shapeBinding, IShape shape, DisplayContext context) in z:\Builds\work\d1eb156ccc3cb14\src\Orchard\DisplayManagement\Implementation\DefaultDisplayManager.cs:line 183
   at Orchard.DisplayManagement.Implementation.DefaultDisplayManager.Execute(DisplayContext context) in z:\Builds\work\d1eb156ccc3cb14\src\Orchard\DisplayManagement\Implementation\DefaultDisplayManager.cs:line 87
   at Orchard.DisplayManagement.Implementation.DisplayHelper.ShapeExecute(Object shape) in z:\Builds\work\d1eb156ccc3cb14\src\Orchard\DisplayManagement\Implementation\DisplayHelper.cs:line 86
   at Orchard.DisplayManagement.Implementation.DisplayHelper.Invoke(String name, INamedEnumerable`1 parameters) in z:\Builds\work\d1eb156ccc3cb14\src\Orchard\DisplayManagement\Implementation\DisplayHelper.cs:line 43
   at Orchard.DisplayManagement.Implementation.DisplayHelper.TryInvoke(InvokeBinder binder, Object[] args, Object& result) in z:\Builds\work\d1eb156ccc3cb14\src\Orchard\DisplayManagement\Implementation\DisplayHelper.cs:line 29
   at CallSite.Target(Closure , CallSite , Object , Object )
   at Orchard.Mvc.ViewEngines.ThemeAwareness.LayoutAwareViewEngine.<>c__DisplayClass7.<FindView>b__5(ViewContext viewContext, TextWriter writer, IViewDataContainer viewDataContainer) in z:\Builds\work\d1eb156ccc3cb14\src\Orchard\Mvc\ViewEngines\ThemeAwareness\LayoutAwareViewEngine.cs:line 63
   at Orchard.Mvc.ViewEngines.ThemeAwareness.LayoutAwareViewEngine.LayoutView.Render(ViewContext viewContext, TextWriter writer) in z:\Builds\work\d1eb156ccc3cb14\src\Orchard\Mvc\ViewEngines\ThemeAwareness\LayoutAwareViewEngine.cs:line 90
   at System.Web.Mvc.ViewResultBase.ExecuteResult(ControllerContext context)
   at System.Web.Mvc.ControllerActionInvoker.InvokeActionResult(ControllerContext controllerContext, ActionResult actionResult)
   at System.Web.Mvc.ControllerActionInvoker.InvokeActionResultFilterRecursive(IList`1 filters, Int32 filterIndex, ResultExecutingContext preContext, ControllerContext controllerContext, ActionResult actionResult)
   at System.Web.Mvc.ControllerActionInvoker.InvokeActionResultFilterRecursive(IList`1 filters, Int32 filterIndex, ResultExecutingContext preContext, ControllerContext controllerContext, ActionResult actionResult)
   at System.Web.Mvc.ControllerActionInvoker.InvokeActionResultFilterRecursive(IList`1 filters, Int32 filterIndex, ResultExecutingContext preContext, ControllerContext controllerContext, ActionResult actionResult)
2015-03-09 16:03:52,565 [21] Orchard.Exceptions.DefaultExceptionPolicy - Default - An unexpected exception was caught
 http://localhost:53748/favicon.ico
System.Reflection.TargetInvocationException: Exception has been thrown by the target of an invocation. ---> Orchard.OrchardException: Shape type Branding not found
   at Orchard.DisplayManagement.Implementation.DefaultDisplayManager.Execute(DisplayContext context) in z:\Builds\work\d1eb156ccc3cb14\src\Orchard\DisplayManagement\Implementation\DefaultDisplayManager.cs:line 97
   at Orchard.DisplayManagement.Implementation.DisplayHelper.ShapeExecute(Object shape) in z:\Builds\work\d1eb156ccc3cb14\src\Orchard\DisplayManagement\Implementation\DisplayHelper.cs:line 86
   at Orchard.DisplayManagement.Implementation.DisplayHelper.Invoke(String name, INamedEnumerable`1 parameters) in z:\Builds\work\d1eb156ccc3cb14\src\Orchard\DisplayManagement\Implementation\DisplayHelper.cs:line 43
   at Orchard.DisplayManagement.Implementation.DisplayHelper.TryInvoke(InvokeBinder binder, Object[] args, Object& result) in z:\Builds\work\d1eb156ccc3cb14\src\Orchard\DisplayManagement\Implementation\DisplayHelper.cs:line 29
   at CallSite.Target(Closure , CallSite , Object , Object )
   at Orchard.Core.Shapes.CoreShapes.Zone(Object Display, Object Shape, TextWriter Output) in z:\Builds\work\d1eb156ccc3cb14\src\Orchard.Web\Core\Shapes\CoreShapes.cs:line 267
   --- End of inner exception stack trace ---
   at System.RuntimeMethodHandle.InvokeMethod(Object target, Object[] arguments, Signature sig, Boolean constructor)
   at System.Reflection.RuntimeMethodInfo.UnsafeInvokeInternal(Object obj, Object[] parameters, Object[] arguments)
   at System.Reflection.RuntimeMethodInfo.Invoke(Object obj, BindingFlags invokeAttr, Binder binder, Object[] parameters, CultureInfo culture)
   at Orchard.DisplayManagement.Descriptors.ShapeAttributeStrategy.ShapeAttributeBindingStrategy.PerformInvoke(DisplayContext displayContext, MethodInfo methodInfo, Object serviceInstance) in z:\Builds\work\d1eb156ccc3cb14\src\Orchard\DisplayManagement\Descriptors\ShapeAttributeStrategy\ShapeAttributeBindingStrategy.cs:line 64
   at Orchard.DisplayManagement.Descriptors.ShapeAttributeStrategy.ShapeAttributeBindingStrategy.<>c__DisplayClass4.<CreateDelegate>b__3(DisplayContext context) in z:\Builds\work\d1eb156ccc3cb14\src\Orchard\DisplayManagement\Descriptors\ShapeAttributeStrategy\ShapeAttributeBindingStrategy.cs:line 55
   at Orchard.DisplayManagement.Descriptors.ShapeAlterationBuilder.<>c__DisplayClass3.<>c__DisplayClass5.<BoundAs>b__2(DisplayContext displayContext) in z:\Builds\work\d1eb156ccc3cb14\src\Orchard\DisplayManagement\Descriptors\ShapeAlterationBuilder.cs:line 56
   at Orchard.DisplayManagement.Implementation.DefaultDisplayManager.Process(ShapeBinding shapeBinding, IShape shape, DisplayContext context) in z:\Builds\work\d1eb156ccc3cb14\src\Orchard\DisplayManagement\Implementation\DefaultDisplayManager.cs:line 183
   at Orchard.DisplayManagement.Implementation.DefaultDisplayManager.Execute(DisplayContext context) in z:\Builds\work\d1eb156ccc3cb14\src\Orchard\DisplayManagement\Implementation\DefaultDisplayManager.cs:line 87
   at Orchard.DisplayManagement.Implementation.DisplayHelper.ShapeExecute(Object shape) in z:\Builds\work\d1eb156ccc3cb14\src\Orchard\DisplayManagement\Implementation\DisplayHelper.cs:line 86
   at Orchard.DisplayManagement.Implementation.DisplayHelper.Invoke(String name, INamedEnumerable`1 parameters) in z:\Builds\work\d1eb156ccc3cb14\src\Orchard\DisplayManagement\Implementation\DisplayHelper.cs:line 43
   at Orchard.DisplayManagement.Implementation.DisplayHelper.TryInvoke(InvokeBinder binder, Object[] args, Object& result) in z:\Builds\work\d1eb156ccc3cb14\src\Orchard\DisplayManagement\Implementation\DisplayHelper.cs:line 29
   at CallSite.Target(Closure , CallSite , Object , Object )
   at ASP._Page_Themes_PattersonDental_Views_Layout_cshtml.<Execute>b__9b(Object x) in c:\Users\David\Documents\My Web Sites\Patterson-Dental-Equipment\Themes\PattersonDental\Views\Layout.cshtml:line 20
   at CallSite.Target(Closure , CallSite , Func`2 , Object )
   at ASP._Page_Themes_PattersonDental_Views_Layout_cshtml.Execute() in c:\Users\David\Documents\My Web Sites\Patterson-Dental-Equipment\Themes\PattersonDental\Views\Layout.cshtml:line 60
   at System.Web.WebPages.WebPageBase.ExecutePageHierarchy()
   at System.Web.Mvc.WebViewPage.ExecutePageHierarchy()
   at System.Web.WebPages.WebPageBase.ExecutePageHierarchy(WebPageContext pageContext, TextWriter writer, WebPageRenderingBase startPage)
   at System.Web.Mvc.RazorView.RenderView(ViewContext viewContext, TextWriter writer, Object instance)
   at System.Web.Mvc.BuildManagerCompiledView.Render(ViewContext viewContext, TextWriter writer)
   at System.Web.Mvc.HtmlHelper.RenderPartialInternal(String partialViewName, ViewDataDictionary viewData, Object model, TextWriter writer, ViewEngineCollection viewEngineCollection)
   at System.Web.Mvc.Html.PartialExtensions.Partial(HtmlHelper htmlHelper, String partialViewName, Object model, ViewDataDictionary viewData)
   at Orchard.DisplayManagement.Descriptors.ShapeTemplateStrategy.ShapeTemplateBindingStrategy.Render(ShapeDescriptor shapeDescriptor, DisplayContext displayContext, HarvestShapeInfo harvestShapeInfo, HarvestShapeHit harvestShapeHit) in z:\Builds\work\d1eb156ccc3cb14\src\Orchard\DisplayManagement\Descriptors\ShapeTemplateStrategy\ShapeTemplateBindingStrategy.cs:line 146
   at Orchard.DisplayManagement.Descriptors.ShapeTemplateStrategy.ShapeTemplateBindingStrategy.<>c__DisplayClass26.<>c__DisplayClass28.<Discover>b__15(DisplayContext displayContext) in z:\Builds\work\d1eb156ccc3cb14\src\Orchard\DisplayManagement\Descriptors\ShapeTemplateStrategy\ShapeTemplateBindingStrategy.cs:line 133
   at Orchard.DisplayManagement.Descriptors.ShapeAlterationBuilder.<>c__DisplayClass3.<>c__DisplayClass5.<BoundAs>b__2(DisplayContext displayContext) in z:\Builds\work\d1eb156ccc3cb14\src\Orchard\DisplayManagement\Descriptors\ShapeAlterationBuilder.cs:line 56
   at Orchard.DisplayManagement.Implementation.DefaultDisplayManager.Process(ShapeBinding shapeBinding, IShape shape, DisplayContext context) in z:\Builds\work\d1eb156ccc3cb14\src\Orchard\DisplayManagement\Implementation\DefaultDisplayManager.cs:line 183
   at Orchard.DisplayManagement.Implementation.DefaultDisplayManager.Execute(DisplayContext context) in z:\Builds\work\d1eb156ccc3cb14\src\Orchard\DisplayManagement\Implementation\DefaultDisplayManager.cs:line 87
   at Orchard.DisplayManagement.Implementation.DisplayHelper.ShapeExecute(Object shape) in z:\Builds\work\d1eb156ccc3cb14\src\Orchard\DisplayManagement\Implementation\DisplayHelper.cs:line 86
   at Orchard.DisplayManagement.Implementation.DisplayHelper.Invoke(String name, INamedEnumerable`1 parameters) in z:\Builds\work\d1eb156ccc3cb14\src\Orchard\DisplayManagement\Implementation\DisplayHelper.cs:line 43
   at Orchard.DisplayManagement.Implementation.DisplayHelper.TryInvoke(InvokeBinder binder, Object[] args, Object& result) in z:\Builds\work\d1eb156ccc3cb14\src\Orchard\DisplayManagement\Implementation\DisplayHelper.cs:line 29
   at CallSite.Target(Closure , CallSite , Object , Object )
   at Orchard.Mvc.ViewEngines.ThemeAwareness.LayoutAwareViewEngine.<>c__DisplayClass7.<FindView>b__5(ViewContext viewContext, TextWriter writer, IViewDataContainer viewDataContainer) in z:\Builds\work\d1eb156ccc3cb14\src\Orchard\Mvc\ViewEngines\ThemeAwareness\LayoutAwareViewEngine.cs:line 63
   at Orchard.Mvc.ViewEngines.ThemeAwareness.LayoutAwareViewEngine.LayoutView.Re