2015-03-13 08:46:26,352 [26] Orchard.DisplayManagement.Implementation.DefaultDisplayManager - Default - NullReferenceException thrown from Action`1 by System.Action`1[[Orchard.DisplayManagement.Implementation.ShapeDisplayingContext, Orchard.Framework, Version=1.8.1.0, Culture=neutral, PublicKeyToken=null]]
 http://localhost:53748/Admin/Contents/Create/Product
System.NullReferenceException: Object reference not set to an instance of an object.
   at Orchard.Lists.Shapes.<Discover>b__8(ShapeDisplayingContext context)
   at Orchard.DisplayManagement.Implementation.DefaultDisplayManager.<>c__DisplayClassc.<Execute>b__3(Action`1 action) in z:\Builds\work\d1eb156ccc3cb14\src\Orchard\DisplayManagement\Implementation\DefaultDisplayManager.cs:line 74
   at Orchard.InvokeExtensions.Invoke[TEvents](IEnumerable`1 events, Action`1 dispatch, ILogger logger) in z:\Builds\work\d1eb156ccc3cb14\src\Orchard\InvokeExtensions.cs:line 17
2015-03-13 08:47:41,547 [25] Orchard.ContentManagement.Drivers.Coordinators.ContentFieldDriverCoordinator - Default - ArgumentNullException thrown from IContentFieldDriver by Orchard.Taxonomies.Drivers.TaxonomyFieldDriver
 http://localhost:53748/Admin/Contents/Create/Product
System.ArgumentNullException: Value cannot be null.
Parameter name: name
   at Orchard.Taxonomies.Services.TaxonomyService.GetTaxonomyByName(String name)
   at Orchard.Taxonomies.Drivers.TaxonomyFieldDriver.<>c__DisplayClass10.<Editor>b__8()
   at Orchard.ContentManagement.Drivers.ContentFieldDriver`1.<>c__DisplayClass39.<ContentShape>b__38(BuildShapeContext ctx) in z:\Builds\work\d1eb156ccc3cb14\src\Orchard\ContentManagement\Drivers\ContentFieldDriver.cs:line 123
   at Orchard.ContentManagement.Drivers.ContentFieldDriver`1.<>c__DisplayClass42.<ContentShapeImplementation>b__41(BuildShapeContext ctx) in z:\Builds\work\d1eb156ccc3cb14\src\Orchard\ContentManagement\Drivers\ContentFieldDriver.cs:line 135
   at Orchard.ContentManagement.Drivers.ContentShapeResult.ApplyImplementation(BuildShapeContext context, String displayType) in z:\Builds\work\d1eb156ccc3cb14\src\Orchard\ContentManagement\Drivers\ContentShapeResult.cs:line 45
   at Orchard.ContentManagement.Drivers.ContentShapeResult.Apply(BuildEditorContext context) in z:\Builds\work\d1eb156ccc3cb14\src\Orchard\ContentManagement\Drivers\ContentShapeResult.cs:line 25
   at Orchard.ContentManagement.Drivers.CombinedResult.Apply(BuildEditorContext context) in z:\Builds\work\d1eb156ccc3cb14\src\Orchard\ContentManagement\Drivers\CombinedResult.cs:line 47
   at Orchard.ContentManagement.Drivers.Coordinators.ContentFieldDriverCoordinator.<>c__DisplayClassc.<BuildEditor>b__b(IContentFieldDriver driver) in z:\Builds\work\d1eb156ccc3cb14\src\Orchard\ContentManagement\Drivers\Coordinators\ContentFieldDriverCoordinator.cs:line 67
   at Orchard.InvokeExtensions.Invoke[TEvents](IEnumerable`1 events, Action`1 dispatch, ILogger logger) in z:\Builds\work\d1eb156ccc3cb14\src\Orchard\InvokeExtensions.cs:line 17
2015-03-13 08:47:41,635 [25] Orchard.DisplayManagement.Implementation.DefaultDisplayManager - Default - NullReferenceException thrown from Action`1 by System.Action`1[[Orchard.DisplayManagement.Implementation.ShapeDisplayingContext, Orchard.Framework, Version=1.8.1.0, Culture=neutral, PublicKeyToken=null]]
 http://localhost:53748/Admin/Contents/Create/Product
System.NullReferenceException: Object reference not set to an instance of an object.
   at Orchard.Lists.Shapes.<Discover>b__8(ShapeDisplayingContext context)
   at Orchard.DisplayManagement.Implementation.DefaultDisplayManager.<>c__DisplayClassc.<Execute>b__3(Action`1 action) in z:\Builds\work\d1eb156ccc3cb14\src\Orchard\DisplayManagement\Implementation\DefaultDisplayManager.cs:line 74
   at Orchard.InvokeExtensions.Invoke[TEvents](IEnumerable`1 events, Action`1 dispatch, ILogger logger) in z:\Builds\work\d1eb156ccc3cb14\src\Orchard\InvokeExtensions.cs:line 17
2015-03-13 09:08:43,185 [31] Orchard.DisplayManagement.Implementation.DefaultDisplayManager - Default - NullReferenceException thrown from Action`1 by System.Action`1[[Orchard.DisplayManagement.Implementation.ShapeDisplayingContext, Orchard.Framework, Version=1.8.1.0, Culture=neutral, PublicKeyToken=null]]
 http://localhost:53748/Admin/Contents/Create/Product
System.NullReferenceException: Object reference not set to an instance of an object.
   at Orchard.Lists.Shapes.<Discover>b__8(ShapeDisplayingContext context)
   at Orchard.DisplayManagement.Implementation.DefaultDisplayManager.<>c__DisplayClassc.<Execute>b__3(Action`1 action) in z:\Builds\work\d1eb156ccc3cb14\src\Orchard\DisplayManagement\Implementation\DefaultDisplayManager.cs:line 74
   at Orchard.InvokeExtensions.Invoke[TEvents](IEnumerable`1 events, Action`1 dispatch, ILogger logger) in z:\Builds\work\d1eb156ccc3cb14\src\Orchard\InvokeExtensions.cs:line 17
2015-03-13 09:09:10,943 [31] Orchard.DisplayManagement.Implementation.DefaultDisplayManager - Default - NullReferenceException thrown from Action`1 by System.Action`1[[Orchard.DisplayManagement.Implementation.ShapeDisplayingContext, Orchard.Framework, Version=1.8.1.0, Culture=neutral, PublicKeyToken=null]]
 http://localhost:53748/Admin/Contents/Create/ProductDetails
System.NullReferenceException: Object reference not set to an instance of an object.
   at Orchard.Lists.Shapes.<Discover>b__8(ShapeDisplayingContext context)
   at Orchard.DisplayManagement.Implementation.DefaultDisplayManager.<>c__DisplayClassc.<Execute>b__3(Action`1 action) in z:\Builds\work\d1eb156ccc3cb14\src\Orchard\DisplayManagement\Implementation\DefaultDisplayManager.cs:line 74
   at Orchard.InvokeExtensions.Invoke[TEvents](IEnumerable`1 events, Action`1 dispatch, ILogger logger) in z:\Builds\work\d1eb156ccc3cb14\src\Orchard\InvokeExtensions.cs:line 17
2015-03-13 09:10:10,995 [37] Orchard.DisplayManagement.Implementation.DefaultDisplayManager - Default - NullReferenceException thrown from Action`1 by System.Action`1[[Orchard.DisplayManagement.Implementation.ShapeDisplayingContext, Orchard.Framework, Version=1.8.1.0, Culture=neutral, PublicKeyToken=null]]
 http://localhost:53748/Admin/Contents/Create/ProductDetails
System.NullReferenceException: Object reference not set to an instance of an object.
   at Orchard.Lists.Shapes.<Discover>b__8(ShapeDisplayingContext context)
   at Orchard.DisplayManagement.Implementation.DefaultDisplayManager.<>c__DisplayClassc.<Execute>b__3(Action`1 action) in z:\Builds\work\d1eb156ccc3cb14\src\Orchard\DisplayManagement\Implementation\DefaultDisplayManager.cs:line 74
   at Orchard.InvokeExtensions.Invoke[TEvents](IEnumerable`1 events, Action`1 dispatch, ILogger logger) in z:\Builds\work\d1eb156ccc3cb14\src\Orchard\InvokeExtensions.cs:line 17
2015-03-13 09:13:29,797 [45] Orchard.DisplayManagement.Implementation.DefaultDisplayManager - Default - NullReferenceException thrown from Action`1 by System.Action`1[[Orchard.DisplayManagement.Implementation.ShapeDisplayingContext, Orchard.Framework, Version=1.8.1.0, Culture=neutral, PublicKeyToken=null]]
 http://localhost:53748/Admin/Contents/Edit/97
System.NullReferenceException: Object reference not set to an instance of an object.
   at Orchard.Lists.Shapes.<Discover>b__8(ShapeDisplayingContext context)
   at Orchard.DisplayManagement.Implementation.DefaultDisplayManager.<>c__DisplayClassc.<Execute>b__3(Action`1 action) in z:\Builds\work\d1eb156ccc3cb14\src\Orchard\DisplayManagement\Implementation\DefaultDisplayManager.cs:line 74
   at Orchard.InvokeExtensions.Invoke[TEvents](IEnumerable`1 events, Action`1 dispatch, ILogger logger) in z:\Builds\work\d1eb156ccc3cb14\src\Orchard\InvokeExtensions.cs:line 17
2015-03-13 09:13:43,969 [45] Orchard.DisplayManagement.Implementation.DefaultDisplayManager - Default - NullReferenceException thrown from Action`1 by System.Action`1[[Orchard.DisplayManagement.Implementation.ShapeDisplayingContext, Orchard.Framework, Version=1.8.1.0, Culture=neutral, PublicKeyToken=null]]
 http://localhost:53748/Admin/Contents/Create/ProductDetails
System.NullReferenceException: Object reference not set to an instance of an object.
   at Orchard.Lists.Shapes.<Discover>b__8(ShapeDisplayingContext context)
   at Orchard.DisplayManagement.Implementation.DefaultDisplayManager.<>c__DisplayClassc.<Execute>b__3(Action`1 action) in z:\Builds\work\d1eb156ccc3cb14\src\Orchard\DisplayManagement\Implementation\DefaultDisplayManager.cs:line 74
   at Orchard.InvokeExtensions.Invoke[TEvents](IEnumerable`1 events, Action`1 dispatch, ILogger logger) in z:\Builds\work\d1eb156ccc3cb14\src\Orchard\InvokeExtensions.cs:line 17
2015-03-13 09:13:49,750 [42] Orchard.DisplayManagement.Implementation.DefaultDisplayManager - Default - NullReferenceException thrown from Action`1 by System.Action`1[[Orchard.DisplayManagement.Implementation.ShapeDisplayingContext, Orchard.Framework, Version=1.8.1.0, Culture=neutral, PublicKeyToken=null]]
 http://localhost:53748/Admin/Contents/Edit/97
System.NullReferenceException: Object reference not set to an instance of an object.
   at Orchard.Lists.Shapes.<Discover>b__8(ShapeDisplayingContext context)
   at Orchard.DisplayManagement.Implementation.DefaultDisplayManager.<>c__DisplayClassc.<Execute>b__3(Action`1 action) in z:\Builds\work\d1eb156ccc3cb14\src\Orchard\DisplayManagement\Implementation\DefaultDisplayManager.cs:line 74
   at Orchard.InvokeExtensions.Invoke[TEvents](IEnumerable`1 events, Action`1 dispatch, ILogger logger) in z:\Builds\work\d1eb156ccc3cb14\src\Orchard\InvokeExtensions.cs:line 17
2015-03-13 09:14:35,596 [46] Orchard.DisplayManagement.Implementation.DefaultDisplayManager - Default - NullReferenceException thrown from Action`1 by System.Action`1[[Orchard.DisplayManagement.Implementation.ShapeDisplayingContext, Orchard.Framework, Version=1.8.1.0, Culture=neutral, PublicKeyToken=null]]
 http://localhost:53748/Admin/Contents/Create/Product
System.NullReferenceException: Object reference not set to an instance of an object.
   at Orchard.Lists.Shapes.<Discover>b__8(ShapeDisplayingContext context)
   at Orchard.DisplayManagement.Implementation.DefaultDisplayManager.<>c__DisplayClassc.<Execute>b__3(Action`1 action) in z:\Builds\work\d1eb156ccc3cb14\src\Orchard\DisplayManagement\Implementation\DefaultDisplayManager.cs:line 74
   at Orchard.InvokeExtensions.Invoke[TEvents](IEnumerable`1 events, Action`1 dispatch, ILogger logger) in z:\Builds\work\d1eb156ccc3cb14\src\Orchard\InvokeExtensions.cs:line 17
2015-03-13 09:21:41,272 [40] Orchard.DisplayManagement.Implementation.DefaultDisplayManager - Default - NullReferenceException thrown from Action`1 by System.Action`1[[Orchard.DisplayManagement.Implementation.ShapeDisplayingContext, Orchard.Framework, Version=1.8.1.0, Culture=neutral, PublicKeyToken=null]]
 http://localhost:53748/Admin/Contents/Create/Product
System.NullReferenceException: Object reference not set to an instance of an object.
   at Orchard.Lists.Shapes.<Discover>b__8(ShapeDisplayingContext context)
   at Orchard.DisplayManagement.Implementation.DefaultDisplayManager.<>c__DisplayClassc.<Execute>b__3(Action`1 action) in z:\Builds\work\d1eb156ccc3cb14\src\Orchard\DisplayManagement\Implementation\DefaultDisplayManager.cs:line 74
   at Orchard.InvokeExtensions.Invoke[TEvents](IEnumerable`1 events, Action`1 dispatch, ILogger logger) in z:\Builds\work\d1eb156ccc3cb14\src\Orchard\InvokeExtensions.cs:line 17
2015-03-13 09:21:51,874 [37] Orchard.DisplayManagement.Implementation.DefaultDisplayManager - Default - NullReferenceException thrown from Action`1 by System.Action`1[[Orchard.DisplayManagement.Implementation.ShapeDisplayingContext, Orchard.Framework, Version=1.8.1.0, Culture=neutral, PublicKeyToken=null]]
 http://localhost:53748/Admin/Contents/Create/ProductDetails
System.NullReferenceException: Object reference not set to an instance of an object.
   at Orchard.Lists.Shapes.<Discover>b__8(ShapeDisplayingContext context)
   at Orchard.DisplayManagement.Implementation.DefaultDisplayManager.<>c__DisplayClassc.<Execute>b__3(Action`1 action) in z:\Builds\work\d1eb156ccc3cb14\src\Orchard\DisplayManagement\Implementation\DefaultDisplayManager.cs:line 74
   at Orchard.InvokeExtensions.Invoke[TEvents](IEnumerable`1 events, Action`1 dispatch, ILogger logger) in z:\Builds\work\d1eb156ccc3cb14\src\Orchard\InvokeExtensions.cs:line 17
2015-03-13 09:23:03,177 [44] Orchard.DisplayManagement.Implementation.DefaultDisplayManager - Default - NullReferenceException thrown from Action`1 by System.Action`1[[Orchard.DisplayManagement.Implementation.ShapeDisplayingContext, Orchard.Framework, Version=1.8.1.0, Culture=neutral, PublicKeyToken=null]]
 http://localhost:53748/Admin/Contents/Edit/99
System.NullReferenceException: Object reference not set to an instance of an object.
   at Orchard.Lists.Shapes.<Discover>b__8(ShapeDisplayingContext context)
   at Orchard.DisplayManagement.Implementation.DefaultDisplayManager.<>c__DisplayClassc.<Execute>b__3(Action`1 action) in z:\Builds\work\d1eb156ccc3cb14\src\Orchard\DisplayManagement\Implementation\DefaultDisplayManager.cs:line 74
   at Orchard.InvokeExtensions.Invoke[TEvents](IEnumerable`1 events, Action`1 dispatch, ILogger logger) in z:\Builds\work\d1eb156ccc3cb14\src\Orchard\InvokeExtensions.cs:line 17
2015-03-13 09:23:15,546 [46] Orchard.DisplayManagement.Implementation.DefaultDisplayManager - Default - NullReferenceException thrown from Action`1 by System.Action`1[[Orchard.DisplayManagement.Implementation.ShapeDisplayingContext, Orchard.Framework, Version=1.8.1.0, Culture=neutral, PublicKeyToken=null]]
 http://localhost:53748/Admin/Contents/Create/ProductDetails
System.NullReferenceException: Object reference not set to an instance of an object.
   at Orchard.Lists.Shapes.<Discover>b__8(ShapeDisplayingContext context)
   at Orchard.DisplayManagement.Implementation.DefaultDisplayManager.<>c__DisplayClassc.<Execute>b__3(Action`1 action) in z:\Builds\work\d1eb156ccc3cb14\src\Orchard\DisplayManagement\Implementation\DefaultDisplayManager.cs:line 74
   at Orchard.InvokeExtensions.Invoke[TEvents](IEnumerable`1 events, Action`1 dispatch, ILogger logger) in z:\Builds\work\d1eb156ccc3cb14\src\Orchard\InvokeExtensions.cs:line 17
2015-03-13 09:24:05,801 [44] Orchard.DisplayManagement.Implementation.DefaultDisplayManager - Default - NullReferenceException thrown from Action`1 by System.Action`1[[Orchard.DisplayManagement.Implementation.ShapeDisplayingContext, Orchard.Framework, Version=1.8.1.0, Culture=neutral, PublicKeyToken=null]]
 http://localhost:53748/Admin/Contents/Edit/100
System.NullReferenceException: Object reference not set to an instance of an object.
   at Orchard.Lists.Shapes.<Discover>b__8(ShapeDisplayingContext context)
   at Orchard.DisplayManagement.Implementation.DefaultDisplayManager.<>c__DisplayClassc.<Execute>b__3(Action`1 action) in z:\Builds\work\d1eb156ccc3cb14\src\Orchard\DisplayManagement\Implementation\DefaultDisplayManager.cs:line 74
   at Orchard.InvokeExtensions.Invoke[TEvents](IEnumerable`1 events, Action`1 dispatch, ILogger logger) in z:\Builds\work\d1eb156ccc3cb14\src\Orchard\InvokeExtensions.cs:line 17
2015-03-13 09:24:11,247 [46] Orchard.DisplayManagement.Implementation.DefaultDisplayManager - Default - NullReferenceException thrown from Action`1 by System.Action`1[[Orchard.DisplayManagement.Implementation.ShapeDisplayingContext, Orchard.Framework, Version=1.8.1.0, Culture=neutral, PublicKeyToken=null]]
 http://localhost:53748/Admin/Contents/Create/ProductDetails
System.NullReferenceException: Object reference not set to an instance of an object.
   at Orchard.Lists.Shapes.<Discover>b__8(ShapeDisplayingContext context)
   at Orchard.DisplayManagement.Implementation.DefaultDisplayManager.<>c__DisplayClassc.<Execute>b__3(Action`1 action) in z:\Builds\work\d1eb156ccc3cb14\src\Orchard\DisplayManagement\Implementation\DefaultDisplayManager.cs:line 74
   at Orchard.InvokeExtensions.Invoke[TEvents](IEnumerable`1 events, Action`1 dispatch, ILogger logger) in z:\Builds\work\d1eb156ccc3cb14\src\Orchard\InvokeExtensions.cs:line 17
2015-03-13 09:24:45,001 [37] Orchard.DisplayManagement.Implementation.DefaultDisplayManager - Default - NullReferenceException thrown from Action`1 by System.Action`1[[Orchard.DisplayManagement.Implementation.ShapeDisplayingContext, Orchard.Framework, Version=1.8.1.0, Culture=neutral, PublicKeyToken=null]]
 http://localhost:53748/Admin/Contents/Edit/101
System.NullReferenceException: Object reference not set to an instance of an object.
   at Orchard.Lists.Shapes.<Discover>b__8(ShapeDisplayingContext context)
   at Orchard.DisplayManagement.Implementation.DefaultDisplayManager.<>c__DisplayClassc.<Execute>b__3(Action`1 action) in z:\Builds\work\d1eb156ccc3cb14\src\Orchard\DisplayManagement\Implementation\DefaultDisplayManager.cs:line 74
   at Orchard.InvokeExtensions.Invoke[TEvents](IEnumerable`1 events, Action`1 dispatch, ILogger logger) in z:\Builds\work\d1eb156ccc3cb14\src\Orchard\InvokeExtensions.cs:line 17
2015-03-13 09:29:06,445 [24] Orchard.Exceptions.DefaultExceptionPolicy - Default - An unexpected exception was caught
 http://localhost:53748/equipment/product/98
Microsoft.CSharp.RuntimeBinder.RuntimeBinderException: 'Orchard.ContentPicker.Fields.ContentPickerField' does not contain a definition for 'Value'
   at CallSite.Target(Closure , CallSite , Object )
   at System.Dynamic.UpdateDelegates.UpdateAndExecute1[T0,TRet](CallSite site, T0 arg0)
   at ASP._Page_Themes_PattersonDental_Views_Media_Product_cshtml.Execute() in c:\Users\David\Documents\My Web Sites\Patterson-Dental-Equipment\Themes\PattersonDental\Views\Media-Product.cshtml:line 8
   at System.Web.WebPages.WebPageBase.ExecutePageHierarchy()
   at System.Web.Mvc.WebViewPage.ExecutePageHierarchy()
   at System.Web.WebPages.WebPageBase.ExecutePageHierarchy(WebPageContext pageContext, TextWriter writer, WebPageRenderingBase startPage)
   at System.Web.Mvc.RazorView.RenderView(ViewContext viewContext, TextWriter writer, Object instance)
   at System.Web.Mvc.BuildManagerCompiledView.Render(ViewContext viewContext, TextWriter writer)
   at System.Web.Mvc.HtmlHelper.RenderPartialInternal(String partialViewName, ViewDataDictionary viewData, Object model, TextWriter writer, ViewEngineCollection viewEngineCollection)
   at System.Web.Mvc.Html.PartialExtensions.Partial(HtmlHelper htmlHelper, String partialViewName, Object model, ViewDataDictionary viewData)
   at Orchard.DisplayManagement.Descriptors.ShapeTemplateStrategy.ShapeTemplateBindingStrategy.Render(ShapeDescriptor shapeDescriptor, DisplayContext displayContext, HarvestShapeInfo harvestShapeInfo, HarvestShapeHit harvestShapeHit) in z:\Builds\work\d1eb156ccc3cb14\src\Orchard\DisplayManagement\Descriptors\ShapeTemplateStrategy\ShapeTemplateBindingStrategy.cs:line 146
   at Orchard.DisplayManagement.Descriptors.ShapeTemplateStrategy.ShapeTemplateBindingStrategy.<>c__DisplayClass26.<>c__DisplayClass28.<Discover>b__15(DisplayContext displayContext) in z:\Builds\work\d1eb156ccc3cb14\src\Orchard\DisplayManagement\Descriptors\ShapeTemplateStrategy\ShapeTemplateBindingStrategy.cs:line 133
   at Orchard.DisplayManagement.Descriptors.ShapeAlterationBuilder.<>c__DisplayClass3.<>c__DisplayClass5.<BoundAs>b__2(DisplayContext displayContext) in z:\Builds\work\d1eb156ccc3cb14\src\Orchard\DisplayManagement\Descriptors\ShapeAlterationBuilder.cs:line 56
   at Orchard.DisplayManagement.Implementation.DefaultDisplayManager.Process(ShapeBinding shapeBinding, IShape shape, DisplayContext context) in z:\Builds\work\d1eb156ccc3cb14\src\Orchard\DisplayManagement\Implementation\DefaultDisplayManager.cs:line 183
   at Orchard.DisplayManagement.Implementation.DefaultDisplayManager.Execute(DisplayContext context) in z:\Builds\work\d1eb156ccc3cb14\src\Orchard\DisplayManagement\Implementation\DefaultDisplayManager.cs:line 87
   at Orchard.DisplayManagement.Implementation.DisplayHelper.ShapeExecute(Object shape) in z:\Builds\work\d1eb156ccc3cb14\src\Orchard\DisplayManagement\Implementation\DisplayHelper.cs:line 86
   at Orchard.DisplayManagement.Implementation.DisplayHelper.Invoke(String name, INamedEnumerable`1 parameters) in z:\Builds\work\d1eb156ccc3cb14\src\Orchard\DisplayManagement\Implementation\DisplayHelper.cs:line 43
   at Orchard.DisplayManagement.Implementation.DisplayHelper.TryInvoke(InvokeBinder binder, Object[] args, Object& result) in z:\Builds\work\d1eb156ccc3cb14\src\Orchard\DisplayManagement\Implementation\DisplayHelper.cs:line 29
   at CallSite.Target(Closure , CallSite , Object , Object )
   at ASP._Page_Core_Contents_Views_Item_Display_cshtml.Execute() in c:\Users\David\Documents\My Web Sites\Patterson-Dental-Equipment\Core\Contents\Views\Item\Display.cshtml:line 6
   at System.Web.WebPages.WebPageBase.ExecutePageHierarchy()
   at System.Web.Mvc.WebViewPage.ExecutePageHierarchy()
   at System.Web.WebPages.WebPageBase.ExecutePageHierarchy(WebPageContext pageContext, TextWriter writer, WebPageRenderingBase startPage)
   at System.Web.Mvc.RazorView.RenderView(ViewContext viewContext, TextWriter writer, Object instance)
   at System.Web.Mvc.BuildManagerCompiledView.Render(ViewContext viewContext, TextWriter writer)
   at Orchard.Mvc.ViewEngines.ThemeAwareness.LayoutAwareViewEngine.<>c__DisplayClass7.<FindView>b__5(ViewContext viewContext, TextWriter writer, IViewDataContainer viewDataContainer) in z:\Builds\work\d1eb156ccc3cb14\src\Orchard\Mvc\ViewEngines\ThemeAwareness\LayoutAwareViewEngine.cs:line 59
   at Orchard.Mvc.ViewEngines.ThemeAwareness.LayoutAwareViewEngine.LayoutView.Render(ViewContext viewContext, TextWriter writer) in z:\Builds\work\d1eb156ccc3cb14\src\Orchard\Mvc\ViewEngines\ThemeAwareness\LayoutAwareViewEngine.cs:line 90
   at System.Web.Mvc.ViewResultBase.ExecuteResult(ControllerContext context)
   at System.Web.Mvc.ControllerActionInvoker.InvokeActionResult(ControllerContext controllerContext, ActionResult actionResult)
   at System.Web.Mvc.ControllerActionInvoker.InvokeActionResultFilterRecursive(IList`1 filters, Int32 filterIndex, ResultExecutingContext preContext, ControllerContext controllerContext, ActionResult actionResult)
   at System.Web.Mvc.ControllerActionInvoker.InvokeActionResultFilterRecursive(IList`1 filters, Int32 filterIndex, ResultExecutingContext preContext, ControllerContext controllerContext, ActionResult actionResult)
   at System.Web.Mvc.ControllerActionInvoker.InvokeActionResultFilterRecursive(IList`1 filters, Int32 filterIndex, ResultExecutingContext preContext, ControllerContext controllerContext, ActionResult actionResult)
2015-03-13 09:29:26,243 [31] Orchard.Exceptions.DefaultExceptionPolicy - Default - An unexpected exception was caught
 http://localhost:53748/equipment/product/98
Microsoft.CSharp.RuntimeBinder.RuntimeBinderException: 'Orchard.ContentPicker.Fields.ContentPickerField' does not contain a definition for 'Text'
   at CallSite.Target(Closure , CallSite , Object )
   at System.Dynamic.UpdateDelegates.UpdateAndExecute1[T0,TRet](CallSite site, T0 arg0)
   at ASP._Page_Themes_PattersonDental_Views_Media_Product_cshtml.Execute() in c:\Users\David\Documents\My Web Sites\Patterson-Dental-Equipment\Themes\PattersonDental\Views\Media-Product.cshtml:line 8
   at System.Web.WebPages.WebPageBase.ExecutePageHierarchy()
   at System.Web.Mvc.WebViewPage.ExecutePageHierarchy()
   at System.Web.WebPages.WebPageBase.ExecutePageHierarchy(WebPageContext pageContext, TextWriter writer, WebPageRenderingBase startPage)
   at System.Web.Mvc.RazorView.RenderView(ViewContext viewContext, TextWriter writer, Object instance)
   at System.Web.Mvc.BuildManagerCompiledView.Render(ViewContext viewContext, TextWriter writer)
   at System.Web.Mvc.HtmlHelper.RenderPartialInternal(String partialViewName, ViewDataDictionary viewData, Object model, TextWriter writer, ViewEngineCollection viewEngineCollection)
   at System.Web.Mvc.Html.PartialExtensions.Partial(HtmlHelper htmlHelper, String partialViewName, Object model, ViewDataDictionary viewData)
   at Orchard.DisplayManagement.Descriptors.ShapeTemplateStrategy.ShapeTemplateBindingStrategy.Render(ShapeDescriptor shapeDescriptor, DisplayContext displayContext, HarvestShapeInfo harvestShapeInfo, HarvestShapeHit harvestShapeHit) in z:\Builds\work\d1eb156ccc3cb14\src\Orchard\DisplayManagement\Descriptors\ShapeTemplateStrategy\ShapeTemplateBindingStrategy.cs:line 146
   at Orchard.DisplayManagement.Descriptors.ShapeTemplateStrategy.ShapeTemplateBindingStrategy.<>c__DisplayClass26.<>c__DisplayClass28.<Discover>b__15(DisplayContext displayContext) in z:\Builds\work\d1eb156ccc3cb14\src\Orchard\DisplayManagement\Descriptors\ShapeTemplateStrategy\ShapeTemplateBindingStrategy.cs:line 133
   at Orchard.DisplayManagement.Descriptors.ShapeAlterationBuilder.<>c__DisplayClass3.<>c__DisplayClass5.<BoundAs>b__2(DisplayContext displayContext) in z:\Builds\work\d1eb156ccc3cb14\src\Orchard\DisplayManagement\Descriptors\ShapeAlterationBuilder.cs:line 56
   at Orchard.DisplayManagement.Implementation.DefaultDisplayManager.Process(ShapeBinding shapeBinding, IShape shape, DisplayContext context) in z:\Builds\work\d1eb156ccc3cb14\src\Orchard\DisplayManagement\Implementation\DefaultDisplayManager.cs:line 183
   at Orchard.DisplayManagement.Implementation.DefaultDisplayManager.Execute(DisplayContext context) in z:\Builds\work\d1eb156ccc3cb14\src\Orchard\DisplayManagement\Implementation\DefaultDisplayManager.cs:line 87
   at Orchard.DisplayManagement.Implementation.DisplayHelper.ShapeExecute(Object shape) in z:\Builds\work\d1eb156ccc3cb14\src\Orchard\DisplayManagement\Implementation\DisplayHelper.cs:line 86
   at Orchard.DisplayManagement.Implementation.DisplayHelper.Invoke(String name, INamedEnumerable`1 parameters) in z:\Builds\work\d1eb156ccc3cb14\src\Orchard\DisplayManagement\Implementation\DisplayHelper.cs:line 43
   at Orchard.DisplayManagement.Implementation.DisplayHelper.TryInvoke(InvokeBinder binder, Object[] args, Object& result) in z:\Builds\work\d1eb156ccc3cb14\src\Orchard\DisplayManagement\Implementation\DisplayHelper.cs:line 29
   at CallSite.Target(Closure , CallSite , Object , Object )
   at ASP._Page_Core_Contents_Views_Item_Display_cshtml.Execute() in c:\Users\David\Documents\My Web Sites\Patterson-Dental-Equipment\Core\Contents\Views\Item\Display.cshtml:line 6
   at System.Web.WebPages.WebPageBase.ExecutePageHierarchy()
   at System.Web.Mvc.WebViewPage.ExecutePageHierarchy()
   at System.Web.WebPages.WebPageBase.ExecutePageHierarchy(WebPageContext pageContext, TextWriter writer, WebPageRenderingBase startPage)
   at System.Web.Mvc.RazorView.RenderView(ViewContext viewContext, TextWriter writer, Object instance)
   at System.Web.Mvc.BuildManagerCompiledView.Render(ViewContext viewContext, TextWriter writer)
   at Orchard.Mvc.ViewEngines.ThemeAwareness.LayoutAwareViewEngine.<>c__DisplayClass7.<FindView>b__5(ViewContext viewContext, TextWriter writer, IViewDataContainer viewDataContainer) in z:\Builds\work\d1eb156ccc3cb14\src\Orchard\Mvc\ViewEngines\ThemeAwareness\LayoutAwareViewEngine.cs:line 59
   at Orchard.Mvc.ViewEngines.ThemeAwareness.LayoutAwareViewEngine.LayoutView.Render(ViewContext viewContext, TextWriter writer) in z:\Builds\work\d1eb156ccc3cb14\src\Orchard\Mvc\ViewEngines\ThemeAwareness\LayoutAwareViewEngine.cs:line 90
   at System.Web.Mvc.ViewResultBase.ExecuteResult(ControllerContext context)
   at System.Web.Mvc.ControllerActionInvoker.InvokeActionResult(ControllerContext controllerContext, ActionResult actionResult)
   at System.Web.Mvc.ControllerActionInvoker.InvokeActionResultFilterRecursive(IList`1 filters, Int32 filterIndex, ResultExecutingContext preContext, ControllerContext controllerContext, ActionResult actionResult)
   at System.Web.Mvc.ControllerActionInvoker.InvokeActionResultFilterRecursive(IList`1 filters, Int32 filterIndex, ResultExecutingContext preContext, ControllerContext controllerContext, ActionResult actionResult)
   at System.Web.Mvc.ControllerActionInvoker.InvokeActionResultFilterRecursive(IList`1 filters, Int32 filterIndex, ResultExecutingContext preContext, ControllerContext controllerContext, ActionResult actionResult)
2015-03-13 10:20:34,199 [58] Orchard.Exceptions.DefaultExceptionPolicy - Default - An unexpected exception was caught
 http://localhost:53748/equipment/product/98
Microsoft.CSharp.RuntimeBinder.RuntimeBinderException: 'Orchard.ContentManagement.ContentPart' does not contain a definition for 'ProductBenefits'
   at CallSite.Target(Closure , CallSite , Object )
   at ASP._Page_Themes_PattersonDental_Views_Media_Product_cshtml.Execute() in c:\Users\David\Documents\My Web Sites\Patterson-Dental-Equipment\Themes\PattersonDental\Views\Media-Product.cshtml:line 8
   at System.Web.WebPages.WebPageBase.ExecutePageHierarchy()
   at System.Web.Mvc.WebViewPage.ExecutePageHierarchy()
   at System.Web.WebPages.WebPageBase.ExecutePageHierarchy(WebPageContext pageContext, TextWriter writer, WebPageRenderingBase startPage)
   at System.Web.Mvc.RazorView.RenderView(ViewContext viewContext, TextWriter writer, Object instance)
   at System.Web.Mvc.BuildManagerCompiledView.Render(ViewContext viewContext, TextWriter writer)
   at System.Web.Mvc.HtmlHelper.RenderPartialInternal(String partialViewName, ViewDataDictionary viewData, Object model, TextWriter writer, ViewEngineCollection viewEngineCollection)
   at System.Web.Mvc.Html.PartialExtensions.Partial(HtmlHelper htmlHelper, String partialViewName, Object model, ViewDataDictionary viewData)
   at Orchard.DisplayManagement.Descriptors.ShapeTemplateStrategy.ShapeTemplateBindingStrategy.Render(ShapeDescriptor shapeDescriptor, DisplayContext displayContext, HarvestShapeInfo harvestShapeInfo, HarvestShapeHit harvestShapeHit) in z:\Builds\work\d1eb156ccc3cb14\src\Orchard\DisplayManagement\Descriptors\ShapeTemplateStrategy\ShapeTemplateBindingStrategy.cs:line 146
   at Orchard.DisplayManagement.Descriptors.ShapeTemplateStrategy.ShapeTemplateBindingStrategy.<>c__DisplayClass26.<>c__DisplayClass28.<Discover>b__15(DisplayContext displayContext) in z:\Builds\work\d1eb156ccc3cb14\src\Orchard\DisplayManagement\Descriptors\ShapeTemplateStrategy\ShapeTemplateBindingStrategy.cs:line 133
   at Orchard.DisplayManagement.Descriptors.ShapeAlterationBuilder.<>c__DisplayClass3.<>c__DisplayClass5.<BoundAs>b__2(DisplayContext displayContext) in z:\Builds\work\d1eb156ccc3cb14\src\Orchard\DisplayManagement\Descriptors\ShapeAlterationBuilder.cs:line 56
   at Orchard.DisplayManagement.Implementation.DefaultDisplayManager.Process(ShapeBinding shapeBinding, IShape shape, DisplayContext context) in z:\Builds\work\d1eb156ccc3cb14\src\Orchard\DisplayManagement\Implementation\DefaultDisplayManager.cs:line 183
   at Orchard.DisplayManagement.Implementation.DefaultDisplayManager.Execute(DisplayContext context) in z:\Builds\work\d1eb156ccc3cb14\src\Orchard\DisplayManagement\Implementation\DefaultDisplayManager.cs:line 87
   at Orchard.DisplayManagement.Implementation.DisplayHelper.ShapeExecute(Object shape) in z:\Builds\work\d1eb156ccc3cb14\src\Orchard\DisplayManagement\Implementation\DisplayHelper.cs:line 86
   at Orchard.DisplayManagement.Implementation.DisplayHelper.Invoke(String name, INamedEnumerable`1 parameters) in z:\Builds\work\d1eb156ccc3cb14\src\Orchard\DisplayManagement\Implementation\DisplayHelper.cs:line 43
   at Orchard.DisplayManagement.Implementation.DisplayHelper.TryInvoke(InvokeBinder binder, Object[] args, Object& result) in z:\Builds\work\d1eb156ccc3cb14\src\Orchard\DisplayManagement\Implementation\DisplayHelper.cs:line 29
   at CallSite.Target(Closure , CallSite , Object , Object )
   at ASP._Page_Core_Contents_Views_Item_Display_cshtml.Execute() in c:\Users\David\Documents\My Web Sites\Patterson-Dental-Equipment\Core\Contents\Views\Item\Display.cshtml:line 6
   at System.Web.WebPages.WebPageBase.ExecutePageHierarchy()
   at System.Web.Mvc.WebViewPage.ExecutePageHierarchy()
   at System.Web.WebPages.WebPageBase.ExecutePageHierarchy(WebPageContext pageContext, TextWriter writer, WebPageRenderingBase startPage)
   at System.Web.Mvc.RazorView.RenderView(ViewContext viewContext, TextWriter writer, Object instance)
   at System.Web.Mvc.BuildManagerCompiledView.Render(ViewContext viewContext, TextWriter writer)
   at Orchard.Mvc.ViewEngines.ThemeAwareness.LayoutAwareViewEngine.<>c__DisplayClass7.<FindView>b__5(ViewContext viewContext, TextWriter writer, IViewDataContainer viewDataContainer) in z:\Builds\work\d1eb156ccc3cb14\src\Orchard\Mvc\ViewEngines\ThemeAwareness\LayoutAwareViewEngine.cs:line 59
   at Orchard.Mvc.ViewEngines.ThemeAwareness.LayoutAwareViewEngine.LayoutView.Render(ViewContext viewContext, TextWriter writer) in z:\Builds\work\d1eb156ccc3cb14\src\Orchard\Mvc\ViewEngines\ThemeAwareness\LayoutAwareViewEngine.cs:line 90
   at System.Web.Mvc.ViewResultBase.ExecuteResult(ControllerContext context)
   at System.Web.Mvc.ControllerActionInvoker.InvokeActionResult(ControllerContext controllerContext, ActionResult actionResult)
   at System.Web.Mvc.ControllerActionInvoker.InvokeActionResultFilterRecursive(IList`1 filters, Int32 filterIndex, ResultExecutingContext preContext, ControllerContext controllerContext, ActionResult actionResult)
   at System.Web.Mvc.ControllerActionInvoker.InvokeActionResultFilterRecursive(IList`1 filters, Int32 filterIndex, ResultExecutingContext preContext, ControllerContext controllerContext, ActionResult actionResult)
   at System.Web.Mvc.ControllerActionInvoker.InvokeActionResultFilterRecursive(IList`1 filters, Int32 filterIndex, ResultExecutingContext preContext, ControllerContext controllerContext, ActionResult actionResult)
2015-03-13 11:52:30,933 [57] Orchard.Di